build/app/intermediates/manifest_merge_blame_file/release/processReleaseMainManifest/manifest-merger-blame-release-report.txt
1<?xml version="1.0" encoding="utf-8"?>
2<manifest xmlns:android="http://schemas.android.com/apk/res/android"
3    package="com.example.myapp"
4    android:versionCode="1"
5    android:versionName="1.0.0" >
6
7    <uses-sdk
8        android:minSdkVersion="21"
9        android:targetSdkVersion="35" />
10
11    <!-- Required to access internet for streaming music -->
12    <uses-permission android:name="android.permission.INTERNET" />
12-->src/main/AndroidManifest.xml:5:5-67
12-->src/main/AndroidManifest.xml:5:22-64
13
14    <!-- Required for accessing local storage (optional for older Android, handled differently in Android 11+) -->
15    <uses-permission
15-->src/main/AndroidManifest.xml:8:5-106
16        android:name="android.permission.READ_EXTERNAL_STORAGE"
16-->src/main/AndroidManifest.xml:8:22-77
17        android:maxSdkVersion="32" />
17-->src/main/AndroidManifest.xml:8:78-104
18    <uses-permission
18-->src/main/AndroidManifest.xml:9:5-107
19        android:name="android.permission.WRITE_EXTERNAL_STORAGE"
19-->src/main/AndroidManifest.xml:9:22-78
20        android:maxSdkVersion="28" />
20-->src/main/AndroidManifest.xml:9:79-105
21
22    <queries>
22-->src/main/AndroidManifest.xml:40:5-45:15
23        <intent>
23-->src/main/AndroidManifest.xml:41:9-44:18
24            <action android:name="android.intent.action.PROCESS_TEXT" />
24-->src/main/AndroidManifest.xml:42:13-72
24-->src/main/AndroidManifest.xml:42:21-70
25
26            <data android:mimeType="text/plain" />
26-->src/main/AndroidManifest.xml:43:13-50
26-->src/main/AndroidManifest.xml:43:19-48
27        </intent>
28    </queries>
29
30    <uses-permission android:name="android.permission.ACCESS_NETWORK_STATE" />
30-->[androidx.media3:media3-common:1.4.1] AndroidManifest.xml:22:5-79
30-->[androidx.media3:media3-common:1.4.1] AndroidManifest.xml:22:22-76
31
32    <permission
32-->[androidx.core:core:1.13.1] AndroidManifest.xml:22:5-24:47
33        android:name="com.example.myapp.DYNAMIC_RECEIVER_NOT_EXPORTED_PERMISSION"
33-->[androidx.core:core:1.13.1] AndroidManifest.xml:23:9-81
34        android:protectionLevel="signature" />
34-->[androidx.core:core:1.13.1] AndroidManifest.xml:24:9-44
35
36    <uses-permission android:name="com.example.myapp.DYNAMIC_RECEIVER_NOT_EXPORTED_PERMISSION" />
36-->[androidx.core:core:1.13.1] AndroidManifest.xml:26:5-97
36-->[androidx.core:core:1.13.1] AndroidManifest.xml:26:22-94
37
38    <application
39        android:name="android.app.Application"
39-->src/main/AndroidManifest.xml:13:9-42
40        android:appComponentFactory="androidx.core.app.CoreComponentFactory"
40-->[androidx.core:core:1.13.1] AndroidManifest.xml:28:18-86
41        android:extractNativeLibs="true"
42        android:icon="@mipmap/ic_launcher"
42-->src/main/AndroidManifest.xml:14:9-43
43        android:label="myapp" >
43-->src/main/AndroidManifest.xml:12:9-30
44        <activity
44-->src/main/AndroidManifest.xml:16:9-33:20
45            android:name="com.example.myapp.MainActivity"
45-->src/main/AndroidManifest.xml:17:13-41
46            android:configChanges="orientation|keyboardHidden|keyboard|screenSize|smallestScreenSize|locale|layoutDirection|fontScale|screenLayout|density|uiMode"
46-->src/main/AndroidManifest.xml:22:13-163
47            android:exported="true"
47-->src/main/AndroidManifest.xml:18:13-36
48            android:hardwareAccelerated="true"
48-->src/main/AndroidManifest.xml:23:13-47
49            android:launchMode="singleTop"
49-->src/main/AndroidManifest.xml:19:13-43
50            android:taskAffinity=""
50-->src/main/AndroidManifest.xml:20:13-36
51            android:theme="@style/LaunchTheme"
51-->src/main/AndroidManifest.xml:21:13-47
52            android:windowSoftInputMode="adjustResize" >
52-->src/main/AndroidManifest.xml:24:13-55
53            <meta-data
53-->src/main/AndroidManifest.xml:26:13-28:57
54                android:name="io.flutter.embedding.android.NormalTheme"
54-->src/main/AndroidManifest.xml:27:17-72
55                android:resource="@style/NormalTheme" />
55-->src/main/AndroidManifest.xml:28:17-54
56
57            <intent-filter>
57-->src/main/AndroidManifest.xml:29:13-32:29
58                <action android:name="android.intent.action.MAIN" />
58-->src/main/AndroidManifest.xml:30:17-68
58-->src/main/AndroidManifest.xml:30:25-66
59
60                <category android:name="android.intent.category.LAUNCHER" />
60-->src/main/AndroidManifest.xml:31:17-76
60-->src/main/AndroidManifest.xml:31:27-74
61            </intent-filter>
62        </activity>
63
64        <meta-data
64-->src/main/AndroidManifest.xml:35:9-37:33
65            android:name="flutterEmbedding"
65-->src/main/AndroidManifest.xml:36:13-44
66            android:value="2" />
66-->src/main/AndroidManifest.xml:37:13-30
67
68        <uses-library
68-->[androidx.window:window:1.2.0] AndroidManifest.xml:23:9-25:40
69            android:name="androidx.window.extensions"
69-->[androidx.window:window:1.2.0] AndroidManifest.xml:24:13-54
70            android:required="false" />
70-->[androidx.window:window:1.2.0] AndroidManifest.xml:25:13-37
71        <uses-library
71-->[androidx.window:window:1.2.0] AndroidManifest.xml:26:9-28:40
72            android:name="androidx.window.sidecar"
72-->[androidx.window:window:1.2.0] AndroidManifest.xml:27:13-51
73            android:required="false" />
73-->[androidx.window:window:1.2.0] AndroidManifest.xml:28:13-37
74
75        <provider
75-->[androidx.lifecycle:lifecycle-process:2.7.0] AndroidManifest.xml:24:9-32:20
76            android:name="androidx.startup.InitializationProvider"
76-->[androidx.lifecycle:lifecycle-process:2.7.0] AndroidManifest.xml:25:13-67
77            android:authorities="com.example.myapp.androidx-startup"
77-->[androidx.lifecycle:lifecycle-process:2.7.0] AndroidManifest.xml:26:13-68
78            android:exported="false" >
78-->[androidx.lifecycle:lifecycle-process:2.7.0] AndroidManifest.xml:27:13-37
79            <meta-data
79-->[androidx.lifecycle:lifecycle-process:2.7.0] AndroidManifest.xml:29:13-31:52
80                android:name="androidx.lifecycle.ProcessLifecycleInitializer"
80-->[androidx.lifecycle:lifecycle-process:2.7.0] AndroidManifest.xml:30:17-78
81                android:value="androidx.startup" />
81-->[androidx.lifecycle:lifecycle-process:2.7.0] AndroidManifest.xml:31:17-49
82            <meta-data
82-->[androidx.profileinstaller:profileinstaller:1.3.1] AndroidManifest.xml:29:13-31:52
83                android:name="androidx.profileinstaller.ProfileInstallerInitializer"
83-->[androidx.profileinstaller:profileinstaller:1.3.1] AndroidManifest.xml:30:17-85
84                android:value="androidx.startup" />
84-->[androidx.profileinstaller:profileinstaller:1.3.1] AndroidManifest.xml:31:17-49
85        </provider>
86
87        <receiver
87-->[androidx.profileinstaller:profileinstaller:1.3.1] AndroidManifest.xml:34:9-52:20
88            android:name="androidx.profileinstaller.ProfileInstallReceiver"
88-->[androidx.profileinstaller:profileinstaller:1.3.1] AndroidManifest.xml:35:13-76
89            android:directBootAware="false"
89-->[androidx.profileinstaller:profileinstaller:1.3.1] AndroidManifest.xml:36:13-44
90            android:enabled="true"
90-->[androidx.profileinstaller:profileinstaller:1.3.1] AndroidManifest.xml:37:13-35
91            android:exported="true"
91-->[androidx.profileinstaller:profileinstaller:1.3.1] AndroidManifest.xml:38:13-36
92            android:permission="android.permission.DUMP" >
92-->[androidx.profileinstaller:profileinstaller:1.3.1] AndroidManifest.xml:39:13-57
93            <intent-filter>
93-->[androidx.profileinstaller:profileinstaller:1.3.1] AndroidManifest.xml:40:13-42:29
94                <action android:name="androidx.profileinstaller.action.INSTALL_PROFILE" />
94-->[androidx.profileinstaller:profileinstaller:1.3.1] AndroidManifest.xml:41:17-91
94-->[androidx.profileinstaller:profileinstaller:1.3.1] AndroidManifest.xml:41:25-88
95            </intent-filter>
96            <intent-filter>
96-->[androidx.profileinstaller:profileinstaller:1.3.1] AndroidManifest.xml:43:13-45:29
97                <action android:name="androidx.profileinstaller.action.SKIP_FILE" />
97-->[androidx.profileinstaller:profileinstaller:1.3.1] AndroidManifest.xml:44:17-85
97-->[androidx.profileinstaller:profileinstaller:1.3.1] AndroidManifest.xml:44:25-82
98            </intent-filter>
99            <intent-filter>
99-->[androidx.profileinstaller:profileinstaller:1.3.1] AndroidManifest.xml:46:13-48:29
100                <action android:name="androidx.profileinstaller.action.SAVE_PROFILE" />
100-->[androidx.profileinstaller:profileinstaller:1.3.1] AndroidManifest.xml:47:17-88
100-->[androidx.profileinstaller:profileinstaller:1.3.1] AndroidManifest.xml:47:25-85
101            </intent-filter>
102            <intent-filter>
102-->[androidx.profileinstaller:profileinstaller:1.3.1] AndroidManifest.xml:49:13-51:29
103                <action android:name="androidx.profileinstaller.action.BENCHMARK_OPERATION" />
103-->[androidx.profileinstaller:profileinstaller:1.3.1] AndroidManifest.xml:50:17-95
103-->[androidx.profileinstaller:profileinstaller:1.3.1] AndroidManifest.xml:50:25-92
104            </intent-filter>
105        </receiver>
106    </application>
107
108</manifest>